# JRE version: Java(TM) SE Runtime Environment (8.0_65-b17) (build 1.8.0_65-b17)
# Java VM: Java HotSpot(TM) 64-Bit Server VM (25.65-b01 mixed mode linux-amd64 compressed oops)
Heap:
 PSYoungGen      total 131072K, used 5780K [0x00000000ec100000, 0x00000000f4900000, 0x0000000100000000)
  eden space 122880K, 0% used [0x00000000ec100000,0x00000000ec100000,0x00000000f3900000)
  from space 8192K, 70% used [0x00000000f3900000,0x00000000f3ea5000,0x00000000f4100000)
  to   space 8192K, 0% used [0x00000000f4100000,0x00000000f4100000,0x00000000f4900000)
 ParOldGen       total 40960K, used 12635K [0x00000000c4200000, 0x00000000c6a00000, 0x00000000ec100000)
  object space 40960K, 30% used [0x00000000c4200000,0x00000000c4e56ce0,0x00000000c6a00000)
 Metaspace       used 18389K, capacity 18850K, committed 18944K, reserved 1067008K
  class space    used 2148K, capacity 2276K, committed 2304K, reserved 1048576K
GC Heap History (10 events):
Event: 1,113 GC heap after
Heap after GC invocations=2 (full 0):
 PSYoungGen      total 33280K, used 2406K [0x00000000ec100000, 0x00000000ee400000, 0x0000000100000000)
  eden space 30720K, 0% used [0x00000000ec100000,0x00000000ec100000,0x00000000edf00000)
  from space 2560K, 93% used [0x00000000ee180000,0x00000000ee3d98f0,0x00000000ee400000)
  to   space 2560K, 0% used [0x00000000edf00000,0x00000000edf00000,0x00000000ee180000)
 ParOldGen       total 40960K, used 745K [0x00000000c4200000, 0x00000000c6a00000, 0x00000000ec100000)
  object space 40960K, 1% used [0x00000000c4200000,0x00000000c42ba750,0x00000000c6a00000)
 Metaspace       used 7466K, capacity 7550K, committed 7680K, reserved 1056768K
  class space    used 936K, capacity 985K, committed 1024K, reserved 1048576K
}
Event: 2,037 GC heap before
{Heap before GC invocations=3 (full 0):
 PSYoungGen      total 33280K, used 33126K [0x00000000ec100000, 0x00000000ee400000, 0x0000000100000000)
  eden space 30720K, 100% used [0x00000000ec100000,0x00000000edf00000,0x00000000edf00000)
  from space 2560K, 93% used [0x00000000ee180000,0x00000000ee3d98f0,0x00000000ee400000)
  to   space 2560K, 0% used [0x00000000edf00000,0x00000000edf00000,0x00000000ee180000)
 ParOldGen       total 40960K, used 745K [0x00000000c4200000, 0x00000000c6a00000, 0x00000000ec100000)
  object space 40960K, 1% used [0x00000000c4200000,0x00000000c42ba750,0x00000000c6a00000)
 Metaspace       used 12533K, capacity 12828K, committed 12928K, reserved 1060864K
  class space    used 1551K, capacity 1651K, committed 1664K, reserved 1048576K
Event: 2,046 GC heap after
Heap after GC invocations=3 (full 0):
 PSYoungGen      total 33280K, used 2528K [0x00000000ec100000, 0x00000000f0200000, 0x0000000100000000)
  eden space 30720K, 0% used [0x00000000ec100000,0x00000000ec100000,0x00000000edf00000)
  from space 2560K, 98% used [0x00000000edf00000,0x00000000ee178020,0x00000000ee180000)
  to   space 2560K, 0% used [0x00000000eff80000,0x00000000eff80000,0x00000000f0200000)
 ParOldGen       total 40960K, used 5085K [0x00000000c4200000, 0x00000000c6a00000, 0x00000000ec100000)
  object space 40960K, 12% used [0x00000000c4200000,0x00000000c46f7428,0x00000000c6a00000)
 Metaspace       used 12533K, capacity 12828K, committed 12928K, reserved 1060864K
  class space    used 1551K, capacity 1651K, committed 1664K, reserved 1048576K
}
Event: 2,667 GC heap before
{Heap before GC invocations=4 (full 0):
 PSYoungGen      total 33280K, used 33248K [0x00000000ec100000, 0x00000000f0200000, 0x0000000100000000)
  eden space 30720K, 100% used [0x00000000ec100000,0x00000000edf00000,0x00000000edf00000)
  from space 2560K, 98% used [0x00000000edf00000,0x00000000ee178020,0x00000000ee180000)
  to   space 2560K, 0% used [0x00000000eff80000,0x00000000eff80000,0x00000000f0200000)
 ParOldGen       total 40960K, used 5085K [0x00000000c4200000, 0x00000000c6a00000, 0x00000000ec100000)
  object space 40960K, 12% used [0x00000000c4200000,0x00000000c46f7428,0x00000000c6a00000)
 Metaspace       used 15089K, capacity 15408K, committed 15616K, reserved 1062912K
  class space    used 1833K, capacity 1929K, committed 2048K, reserved 1048576K
Event: 2,695 GC heap after
Heap after GC invocations=4 (full 0):
 PSYoungGen      total 64000K, used 2544K [0x00000000ec100000, 0x00000000f0200000, 0x0000000100000000)
  eden space 61440K, 0% used [0x00000000ec100000,0x00000000ec100000,0x00000000efd00000)
  from space 2560K, 99% used [0x00000000eff80000,0x00000000f01fc010,0x00000000f0200000)
  to   space 2560K, 0% used [0x00000000efd00000,0x00000000efd00000,0x00000000eff80000)
 ParOldGen       total 40960K, used 8862K [0x00000000c4200000, 0x00000000c6a00000, 0x00000000ec100000)
  object space 40960K, 21% used [0x00000000c4200000,0x00000000c4aa7a80,0x00000000c6a00000)
 Metaspace       used 15089K, capacity 15408K, committed 15616K, reserved 1062912K
  class space    used 1833K, capacity 1929K, committed 2048K, reserved 1048576K
}
Event: 8,185 GC heap before
{Heap before GC invocations=5 (full 0):
 PSYoungGen      total 64000K, used 63984K [0x00000000ec100000, 0x00000000f0200000, 0x0000000100000000)
  eden space 61440K, 100% used [0x00000000ec100000,0x00000000efd00000,0x00000000efd00000)
  from space 2560K, 99% used [0x00000000eff80000,0x00000000f01fc010,0x00000000f0200000)
  to   space 2560K, 0% used [0x00000000efd00000,0x00000000efd00000,0x00000000eff80000)
 ParOldGen       total 40960K, used 8862K [0x00000000c4200000, 0x00000000c6a00000, 0x00000000ec100000)
  object space 40960K, 21% used [0x00000000c4200000,0x00000000c4aa7a80,0x00000000c6a00000)
 Metaspace       used 16903K, capacity 17280K, committed 17536K, reserved 1064960K
  class space    used 2059K, capacity 2161K, committed 2176K, reserved 1048576K
Event: 8,207 GC heap after
Heap after GC invocations=5 (full 0):
 PSYoungGen      total 64000K, used 2544K [0x00000000ec100000, 0x00000000f4900000, 0x0000000100000000)
  eden space 61440K, 0% used [0x00000000ec100000,0x00000000ec100000,0x00000000efd00000)
  from space 2560K, 99% used [0x00000000efd00000,0x00000000eff7c010,0x00000000eff80000)
  to   space 8192K, 0% used [0x00000000f4100000,0x00000000f4100000,0x00000000f4900000)
 ParOldGen       total 40960K, used 11947K [0x00000000c4200000, 0x00000000c6a00000, 0x00000000ec100000)
  object space 40960K, 29% used [0x00000000c4200000,0x00000000c4daac90,0x00000000c6a00000)
 Metaspace       used 16903K, capacity 17280K, committed 17536K, reserved 1064960K
  class space    used 2059K, capacity 2161K, committed 2176K, reserved 1048576K
}
Event: 38,905 GC heap before
{Heap before GC invocations=6 (full 0):
 PSYoungGen      total 64000K, used 63984K [0x00000000ec100000, 0x00000000f4900000, 0x0000000100000000)
  eden space 61440K, 100% used [0x00000000ec100000,0x00000000efd00000,0x00000000efd00000)
  from space 2560K, 99% used [0x00000000efd00000,0x00000000eff7c010,0x00000000eff80000)
  to   space 8192K, 0% used [0x00000000f4100000,0x00000000f4100000,0x00000000f4900000)
 ParOldGen       total 40960K, used 11947K [0x00000000c4200000, 0x00000000c6a00000, 0x00000000ec100000)
  object space 40960K, 29% used [0x00000000c4200000,0x00000000c4daac90,0x00000000c6a00000)
 Metaspace       used 17309K, capacity 17708K, committed 17920K, reserved 1064960K
  class space    used 2071K, capacity 2195K, committed 2304K, reserved 1048576K
Event: 38,925 GC heap after
Heap after GC invocations=6 (full 0):
 PSYoungGen      total 131072K, used 4032K [0x00000000ec100000, 0x00000000f4900000, 0x0000000100000000)
  eden space 122880K, 0% used [0x00000000ec100000,0x00000000ec100000,0x00000000f3900000)
  from space 8192K, 49% used [0x00000000f4100000,0x00000000f44f0020,0x00000000f4900000)
  to   space 8192K, 0% used [0x00000000f3900000,0x00000000f3900000,0x00000000f4100000)
 ParOldGen       total 40960K, used 11955K [0x00000000c4200000, 0x00000000c6a00000, 0x00000000ec100000)
  object space 40960K, 29% used [0x00000000c4200000,0x00000000c4dacc90,0x00000000c6a00000)
 Metaspace       used 17309K, capacity 17708K, committed 17920K, reserved 1064960K
  class space    used 2071K, capacity 2195K, committed 2304K, reserved 1048576K
}
Event: 90,311 GC heap before
{Heap before GC invocations=7 (full 0):
 PSYoungGen      total 131072K, used 126912K [0x00000000ec100000, 0x00000000f4900000, 0x0000000100000000)
  eden space 122880K, 100% used [0x00000000ec100000,0x00000000f3900000,0x00000000f3900000)
  from space 8192K, 49% used [0x00000000f4100000,0x00000000f44f0020,0x00000000f4900000)
  to   space 8192K, 0% used [0x00000000f3900000,0x00000000f3900000,0x00000000f4100000)
 ParOldGen       total 40960K, used 11955K [0x00000000c4200000, 0x00000000c6a00000, 0x00000000ec100000)
  object space 40960K, 29% used [0x00000000c4200000,0x00000000c4dacc90,0x00000000c6a00000)
 Metaspace       used 18389K, capacity 18850K, committed 18944K, reserved 1067008K
  class space    used 2148K, capacity 2276K, committed 2304K, reserved 1048576K

