# JRE version: Java(TM) SE Runtime Environment (8.0_65-b17) (build 1.8.0_65-b17)
# Java VM: Java HotSpot(TM) 64-Bit Server VM (25.65-b01 mixed mode linux-amd64 compressed oops)
Heap:
 PSYoungGen      total 255488K, used 15853K [0x00000000eab00000, 0x00000000fb580000, 0x0000000100000000)
  eden space 239616K, 0% used [0x00000000eab00000,0x00000000eab00000,0x00000000f9500000)
  from space 15872K, 99% used [0x00000000fa600000,0x00000000fb57b7d0,0x00000000fb580000)
  to   space 11776K, 0% used [0x00000000f9500000,0x00000000f9500000,0x00000000fa080000)
 ParOldGen       total 64512K, used 38001K [0x00000000c0000000, 0x00000000c3f00000, 0x00000000eab00000)
  object space 64512K, 58% used [0x00000000c0000000,0x00000000c251c788,0x00000000c3f00000)
 Metaspace       used 42985K, capacity 45096K, committed 45184K, reserved 1087488K
  class space    used 6008K, capacity 6750K, committed 6784K, reserved 1048576K
GC Heap History (10 events):
Event: 8,167 GC heap after
Heap after GC invocations=7 (full 0):
 PSYoungGen      total 131584K, used 3030K [0x00000000eab00000, 0x00000000fac00000, 0x0000000100000000)
  eden space 122880K, 0% used [0x00000000eab00000,0x00000000eab00000,0x00000000f2300000)
  from space 8704K, 34% used [0x00000000f2300000,0x00000000f25f5920,0x00000000f2b80000)
  to   space 8704K, 0% used [0x00000000fa380000,0x00000000fa380000,0x00000000fac00000)
 ParOldGen       total 40960K, used 12879K [0x00000000c0000000, 0x00000000c2800000, 0x00000000eab00000)
  object space 40960K, 31% used [0x00000000c0000000,0x00000000c0c93d10,0x00000000c2800000)
 Metaspace       used 20818K, capacity 21166K, committed 21296K, reserved 1067008K
  class space    used 2836K, capacity 2939K, committed 2944K, reserved 1048576K
}
Event: 8,168 GC heap before
{Heap before GC invocations=8 (full 1):
 PSYoungGen      total 131584K, used 3030K [0x00000000eab00000, 0x00000000fac00000, 0x0000000100000000)
  eden space 122880K, 0% used [0x00000000eab00000,0x00000000eab00000,0x00000000f2300000)
  from space 8704K, 34% used [0x00000000f2300000,0x00000000f25f5920,0x00000000f2b80000)
  to   space 8704K, 0% used [0x00000000fa380000,0x00000000fa380000,0x00000000fac00000)
 ParOldGen       total 40960K, used 12879K [0x00000000c0000000, 0x00000000c2800000, 0x00000000eab00000)
  object space 40960K, 31% used [0x00000000c0000000,0x00000000c0c93d10,0x00000000c2800000)
 Metaspace       used 20818K, capacity 21166K, committed 21296K, reserved 1067008K
  class space    used 2836K, capacity 2939K, committed 2944K, reserved 1048576K
Event: 8,370 GC heap after
Heap after GC invocations=8 (full 1):
 PSYoungGen      total 131584K, used 0K [0x00000000eab00000, 0x00000000fac00000, 0x0000000100000000)
  eden space 122880K, 0% used [0x00000000eab00000,0x00000000eab00000,0x00000000f2300000)
  from space 8704K, 0% used [0x00000000f2300000,0x00000000f2300000,0x00000000f2b80000)
  to   space 8704K, 0% used [0x00000000fa380000,0x00000000fa380000,0x00000000fac00000)
 ParOldGen       total 43008K, used 14926K [0x00000000c0000000, 0x00000000c2a00000, 0x00000000eab00000)
  object space 43008K, 34% used [0x00000000c0000000,0x00000000c0e938a0,0x00000000c2a00000)
 Metaspace       used 20818K, capacity 21166K, committed 21296K, reserved 1067008K
  class space    used 2836K, capacity 2939K, committed 2944K, reserved 1048576K
}
Event: 14,387 GC heap before
{Heap before GC invocations=9 (full 1):
 PSYoungGen      total 131584K, used 122880K [0x00000000eab00000, 0x00000000fac00000, 0x0000000100000000)
  eden space 122880K, 100% used [0x00000000eab00000,0x00000000f2300000,0x00000000f2300000)
  from space 8704K, 0% used [0x00000000f2300000,0x00000000f2300000,0x00000000f2b80000)
  to   space 8704K, 0% used [0x00000000fa380000,0x00000000fa380000,0x00000000fac00000)
 ParOldGen       total 43008K, used 14926K [0x00000000c0000000, 0x00000000c2a00000, 0x00000000eab00000)
  object space 43008K, 34% used [0x00000000c0000000,0x00000000c0e938a0,0x00000000c2a00000)
 Metaspace       used 29389K, capacity 30342K, committed 30720K, reserved 1075200K
  class space    used 3900K, capacity 4235K, committed 4352K, reserved 1048576K
Event: 14,409 GC heap after
Heap after GC invocations=9 (full 1):
 PSYoungGen      total 193024K, used 8676K [0x00000000eab00000, 0x00000000fac00000, 0x0000000100000000)
  eden space 184320K, 0% used [0x00000000eab00000,0x00000000eab00000,0x00000000f5f00000)
  from space 8704K, 99% used [0x00000000fa380000,0x00000000fabf93f8,0x00000000fac00000)
  to   space 11776K, 0% used [0x00000000f9500000,0x00000000f9500000,0x00000000fa080000)
 ParOldGen       total 43008K, used 19160K [0x00000000c0000000, 0x00000000c2a00000, 0x00000000eab00000)
  object space 43008K, 44% used [0x00000000c0000000,0x00000000c12b60c0,0x00000000c2a00000)
 Metaspace       used 29389K, capacity 30342K, committed 30720K, reserved 1075200K
  class space    used 3900K, capacity 4235K, committed 4352K, reserved 1048576K
}
Event: 15,671 GC heap before
{Heap before GC invocations=10 (full 1):
 PSYoungGen      total 193024K, used 91115K [0x00000000eab00000, 0x00000000fac00000, 0x0000000100000000)
  eden space 184320K, 44% used [0x00000000eab00000,0x00000000efb81888,0x00000000f5f00000)
  from space 8704K, 99% used [0x00000000fa380000,0x00000000fabf93f8,0x00000000fac00000)
  to   space 11776K, 0% used [0x00000000f9500000,0x00000000f9500000,0x00000000fa080000)
 ParOldGen       total 43008K, used 19160K [0x00000000c0000000, 0x00000000c2a00000, 0x00000000eab00000)
  object space 43008K, 44% used [0x00000000c0000000,0x00000000c12b60c0,0x00000000c2a00000)
 Metaspace       used 34315K, capacity 35396K, committed 35496K, reserved 1079296K
  class space    used 4650K, capacity 5024K, committed 5120K, reserved 1048576K
Event: 15,710 GC heap after
Heap after GC invocations=10 (full 1):
 PSYoungGen      total 251392K, used 11767K [0x00000000eab00000, 0x00000000fb580000, 0x0000000100000000)
  eden space 239616K, 0% used [0x00000000eab00000,0x00000000eab00000,0x00000000f9500000)
  from space 11776K, 99% used [0x00000000f9500000,0x00000000fa07dc40,0x00000000fa080000)
  to   space 15872K, 0% used [0x00000000fa600000,0x00000000fa600000,0x00000000fb580000)
 ParOldGen       total 43008K, used 24845K [0x00000000c0000000, 0x00000000c2a00000, 0x00000000eab00000)
  object space 43008K, 57% used [0x00000000c0000000,0x00000000c1843798,0x00000000c2a00000)
 Metaspace       used 34315K, capacity 35396K, committed 35496K, reserved 1079296K
  class space    used 4650K, capacity 5024K, committed 5120K, reserved 1048576K
}
Event: 15,710 GC heap before
{Heap before GC invocations=11 (full 2):
 PSYoungGen      total 251392K, used 11767K [0x00000000eab00000, 0x00000000fb580000, 0x0000000100000000)
  eden space 239616K, 0% used [0x00000000eab00000,0x00000000eab00000,0x00000000f9500000)
  from space 11776K, 99% used [0x00000000f9500000,0x00000000fa07dc40,0x00000000fa080000)
  to   space 15872K, 0% used [0x00000000fa600000,0x00000000fa600000,0x00000000fb580000)
 ParOldGen       total 43008K, used 24845K [0x00000000c0000000, 0x00000000c2a00000, 0x00000000eab00000)
  object space 43008K, 57% used [0x00000000c0000000,0x00000000c1843798,0x00000000c2a00000)
 Metaspace       used 34315K, capacity 35396K, committed 35496K, reserved 1079296K
  class space    used 4650K, capacity 5024K, committed 5120K, reserved 1048576K
Event: 15,821 GC heap after
Heap after GC invocations=11 (full 2):
 PSYoungGen      total 251392K, used 0K [0x00000000eab00000, 0x00000000fb580000, 0x0000000100000000)
  eden space 239616K, 0% used [0x00000000eab00000,0x00000000eab00000,0x00000000f9500000)
  from space 11776K, 0% used [0x00000000f9500000,0x00000000f9500000,0x00000000fa080000)
  to   space 15872K, 0% used [0x00000000fa600000,0x00000000fa600000,0x00000000fb580000)
 ParOldGen       total 64512K, used 24289K [0x00000000c0000000, 0x00000000c3f00000, 0x00000000eab00000)
  object space 64512K, 37% used [0x00000000c0000000,0x00000000c17b85c0,0x00000000c3f00000)
 Metaspace       used 34282K, capacity 35282K, committed 35496K, reserved 1079296K
  class space    used 4643K, capacity 4990K, committed 5120K, reserved 1048576K
}
Event: 20,388 GC heap before
{Heap before GC invocations=12 (full 2):
 PSYoungGen      total 251392K, used 239616K [0x00000000eab00000, 0x00000000fb580000, 0x0000000100000000)
  eden space 239616K, 100% used [0x00000000eab00000,0x00000000f9500000,0x00000000f9500000)
  from space 11776K, 0% used [0x00000000f9500000,0x00000000f9500000,0x00000000fa080000)
  to   space 15872K, 0% used [0x00000000fa600000,0x00000000fa600000,0x00000000fb580000)
 ParOldGen       total 64512K, used 24289K [0x00000000c0000000, 0x00000000c3f00000, 0x00000000eab00000)
  object space 64512K, 37% used [0x00000000c0000000,0x00000000c17b85c0,0x00000000c3f00000)
 Metaspace       used 42985K, capacity 45096K, committed 45184K, reserved 1087488K
  class space    used 6008K, capacity 6750K, committed 6784K, reserved 1048576K

